# JRE version: OpenJDK Runtime Environment Temurin-21.0.10+7 (21.0.10+7) (build 21.0.10+7-LTS)
# Java VM: OpenJDK 64-Bit Server VM Temurin-21.0.10+7 (21.0.10+7-LTS, mixed mode, sharing, tiered, compressed oops, compressed class ptrs, g1 gc, windows-amd64)
GC Precious Log:
 CardTable entry size: 512
 Card Set container configuration: InlinePtr #cards 5 size 8 Array Of Cards #cards 12 size 40 Howl #buckets 4 coarsen threshold 1843 Howl Bitmap #cards 512 size 80 coarsen threshold 460 Card regions per heap region 1 cards per card region 2048
 CPUs: 12 total, 12 available
 Memory: 16085M
 Large Page Support: Disabled
 NUMA Support: Disabled
 Compressed Oops: Enabled (32-bit)
 Heap Region Size: 1M
 Heap Min Capacity: 64M
 Heap Initial Capacity: 64M
 Heap Max Capacity: 256M
 Pre-touch: Disabled
 Parallel Workers: 10
 Concurrent Workers: 3
 Concurrent Refinement Workers: 10
 Periodic GC: Disabled
Heap:
 garbage-first heap   total 65536K, used 26371K [0x00000000f0000000, 0x0000000100000000)
  region size 1024K, 8 young (8192K), 2 survivors (2048K)
 Metaspace       used 36347K, committed 36864K, reserved 180224K
  class space    used 4726K, committed 4992K, reserved 114688K
GC Heap History (20 events):
Event: 5.886 GC heap before
{Heap before GC invocations=10 (full 0):
 garbage-first heap   total 65536K, used 49625K [0x00000000f0000000, 0x0000000100000000)
  region size 1024K, 38 young (38912K), 2 survivors (2048K)
 Metaspace       used 23549K, committed 24000K, reserved 180224K
  class space    used 2861K, committed 3072K, reserved 114688K
}
Event: 5.888 GC heap after
{Heap after GC invocations=11 (full 0):
 garbage-first heap   total 65536K, used 13309K [0x00000000f0000000, 0x0000000100000000)
  region size 1024K, 3 young (3072K), 3 survivors (3072K)
 Metaspace       used 23549K, committed 24000K, reserved 180224K
  class space    used 2861K, committed 3072K, reserved 114688K
}
Event: 6.414 GC heap before
{Heap before GC invocations=11 (full 0):
 garbage-first heap   total 65536K, used 48125K [0x00000000f0000000, 0x0000000100000000)
  region size 1024K, 38 young (38912K), 3 survivors (3072K)
 Metaspace       used 25311K, committed 25792K, reserved 180224K
  class space    used 3085K, committed 3264K, reserved 114688K
}
Event: 6.420 GC heap after
{Heap after GC invocations=12 (full 0):
 garbage-first heap   total 65536K, used 14380K [0x00000000f0000000, 0x0000000100000000)
  region size 1024K, 4 young (4096K), 4 survivors (4096K)
 Metaspace       used 25311K, committed 25792K, reserved 180224K
  class space    used 3085K, committed 3264K, reserved 114688K
}
Event: 7.174 GC heap before
{Heap before GC invocations=12 (full 0):
 garbage-first heap   total 65536K, used 49196K [0x00000000f0000000, 0x0000000100000000)
  region size 1024K, 38 young (38912K), 4 survivors (4096K)
 Metaspace       used 26375K, committed 26816K, reserved 180224K
  class space    used 3195K, committed 3392K, reserved 114688K
}
Event: 7.181 GC heap after
{Heap after GC invocations=13 (full 0):
 garbage-first heap   total 65536K, used 15234K [0x00000000f0000000, 0x0000000100000000)
  region size 1024K, 3 young (3072K), 3 survivors (3072K)
 Metaspace       used 26375K, committed 26816K, reserved 180224K
  class space    used 3195K, committed 3392K, reserved 114688K
}
Event: 7.729 GC heap before
{Heap before GC invocations=13 (full 0):
 garbage-first heap   total 65536K, used 51074K [0x00000000f0000000, 0x0000000100000000)
  region size 1024K, 38 young (38912K), 3 survivors (3072K)
 Metaspace       used 27205K, committed 27648K, reserved 180224K
  class space    used 3304K, committed 3456K, reserved 114688K
}
Event: 7.736 GC heap after
{Heap after GC invocations=14 (full 0):
 garbage-first heap   total 65536K, used 16422K [0x00000000f0000000, 0x0000000100000000)
  region size 1024K, 4 young (4096K), 4 survivors (4096K)
 Metaspace       used 27205K, committed 27648K, reserved 180224K
  class space    used 3304K, committed 3456K, reserved 114688K
}
Event: 8.505 GC heap before
{Heap before GC invocations=14 (full 0):
 garbage-first heap   total 65536K, used 51238K [0x00000000f0000000, 0x0000000100000000)
  region size 1024K, 38 young (38912K), 4 survivors (4096K)
 Metaspace       used 29387K, committed 29824K, reserved 180224K
  class space    used 3613K, committed 3776K, reserved 114688K
}
Event: 8.513 GC heap after
{Heap after GC invocations=15 (full 0):
 garbage-first heap   total 65536K, used 17457K [0x00000000f0000000, 0x0000000100000000)
  region size 1024K, 4 young (4096K), 4 survivors (4096K)
 Metaspace       used 29387K, committed 29824K, reserved 180224K
  class space    used 3613K, committed 3776K, reserved 114688K
}
Event: 8.730 GC heap before
{Heap before GC invocations=15 (full 0):
 garbage-first heap   total 65536K, used 52273K [0x00000000f0000000, 0x0000000100000000)
  region size 1024K, 38 young (38912K), 4 survivors (4096K)
 Metaspace       used 30536K, committed 31040K, reserved 180224K
  class space    used 3859K, committed 4096K, reserved 114688K
}
Event: 8.736 GC heap after
{Heap after GC invocations=16 (full 0):
 garbage-first heap   total 65536K, used 17672K [0x00000000f0000000, 0x0000000100000000)
  region size 1024K, 3 young (3072K), 3 survivors (3072K)
 Metaspace       used 30536K, committed 31040K, reserved 180224K
  class space    used 3859K, committed 4096K, reserved 114688K
}
Event: 9.590 GC heap before
{Heap before GC invocations=16 (full 0):
 garbage-first heap   total 65536K, used 53512K [0x00000000f0000000, 0x0000000100000000)
  region size 1024K, 38 young (38912K), 3 survivors (3072K)
 Metaspace       used 32133K, committed 32640K, reserved 180224K
  class space    used 4084K, committed 4352K, reserved 114688K
}
Event: 9.598 GC heap after
{Heap after GC invocations=17 (full 0):
 garbage-first heap   total 65536K, used 18837K [0x00000000f0000000, 0x0000000100000000)
  region size 1024K, 4 young (4096K), 4 survivors (4096K)
 Metaspace       used 32133K, committed 32640K, reserved 180224K
  class space    used 4084K, committed 4352K, reserved 114688K
}
Event: 10.273 GC heap before
{Heap before GC invocations=17 (full 0):
 garbage-first heap   total 65536K, used 53653K [0x00000000f0000000, 0x0000000100000000)
  region size 1024K, 38 young (38912K), 4 survivors (4096K)
 Metaspace       used 33347K, committed 33792K, reserved 180224K
  class space    used 4250K, committed 4480K, reserved 114688K
}
Event: 10.282 GC heap after
{Heap after GC invocations=18 (full 0):
 garbage-first heap   total 65536K, used 19750K [0x00000000f0000000, 0x0000000100000000)
  region size 1024K, 4 young (4096K), 4 survivors (4096K)
 Metaspace       used 33347K, committed 33792K, reserved 180224K
  class space    used 4250K, committed 4480K, reserved 114688K
}
Event: 11.576 GC heap before
{Heap before GC invocations=18 (full 0):
 garbage-first heap   total 65536K, used 54566K [0x00000000f0000000, 0x0000000100000000)
  region size 1024K, 38 young (38912K), 4 survivors (4096K)
 Metaspace       used 35761K, committed 36288K, reserved 180224K
  class space    used 4587K, committed 4800K, reserved 114688K
}
Event: 11.589 GC heap after
{Heap after GC invocations=19 (full 0):
 garbage-first heap   total 65536K, used 21284K [0x00000000f0000000, 0x0000000100000000)
  region size 1024K, 4 young (4096K), 4 survivors (4096K)
 Metaspace       used 35761K, committed 36288K, reserved 180224K
  class space    used 4587K, committed 4800K, reserved 114688K
}
Event: 11.602 GC heap before
{Heap before GC invocations=19 (full 0):
 garbage-first heap   total 65536K, used 21284K [0x00000000f0000000, 0x0000000100000000)
  region size 1024K, 5 young (5120K), 4 survivors (4096K)
 Metaspace       used 35809K, committed 36288K, reserved 180224K
  class space    used 4591K, committed 4800K, reserved 114688K
}
Event: 11.612 GC heap after
{Heap after GC invocations=20 (full 0):
 garbage-first heap   total 65536K, used 21251K [0x00000000f0000000, 0x0000000100000000)
  region size 1024K, 2 young (2048K), 2 survivors (2048K)
 Metaspace       used 35809K, committed 36288K, reserved 180224K
  class space    used 4591K, committed 4800K, reserved 114688K
}

