# JRE version: OpenJDK Runtime Environment Temurin-21.0.10+7 (21.0.10+7) (build 21.0.10+7-LTS)
# Java VM: OpenJDK 64-Bit Server VM Temurin-21.0.10+7 (21.0.10+7-LTS, mixed mode, sharing, tiered, compressed oops, compressed class ptrs, g1 gc, windows-amd64)
GC Precious Log:
 CardTable entry size: 512
 Card Set container configuration: InlinePtr #cards 5 size 8 Array Of Cards #cards 12 size 40 Howl #buckets 4 coarsen threshold 1843 Howl Bitmap #cards 512 size 80 coarsen threshold 460 Card regions per heap region 1 cards per card region 2048
 CPUs: 12 total, 12 available
 Memory: 16085M
 Large Page Support: Disabled
 NUMA Support: Disabled
 Compressed Oops: Enabled (32-bit)
 Heap Region Size: 1M
 Heap Min Capacity: 64M
 Heap Initial Capacity: 64M
 Heap Max Capacity: 256M
 Pre-touch: Disabled
 Parallel Workers: 10
 Concurrent Workers: 3
 Concurrent Refinement Workers: 10
 Periodic GC: Disabled
Heap:
 garbage-first heap   total 65536K, used 28259K [0x00000000f0000000, 0x0000000100000000)
  region size 1024K, 11 young (11264K), 3 survivors (3072K)
 Metaspace       used 36518K, committed 37056K, reserved 180224K
  class space    used 4756K, committed 4992K, reserved 114688K
GC Heap History (20 events):
Event: 6.034 GC heap before
{Heap before GC invocations=10 (full 0):
 garbage-first heap   total 65536K, used 49332K [0x00000000f0000000, 0x0000000100000000)
  region size 1024K, 38 young (38912K), 2 survivors (2048K)
 Metaspace       used 23420K, committed 23872K, reserved 180224K
  class space    used 2862K, committed 3072K, reserved 114688K
}
Event: 6.036 GC heap after
{Heap after GC invocations=11 (full 0):
 garbage-first heap   total 65536K, used 13006K [0x00000000f0000000, 0x0000000100000000)
  region size 1024K, 3 young (3072K), 3 survivors (3072K)
 Metaspace       used 23420K, committed 23872K, reserved 180224K
  class space    used 2862K, committed 3072K, reserved 114688K
}
Event: 6.511 GC heap before
{Heap before GC invocations=11 (full 0):
 garbage-first heap   total 65536K, used 47822K [0x00000000f0000000, 0x0000000100000000)
  region size 1024K, 38 young (38912K), 3 survivors (3072K)
 Metaspace       used 25185K, committed 25600K, reserved 180224K
  class space    used 3062K, committed 3264K, reserved 114688K
}
Event: 6.518 GC heap after
{Heap after GC invocations=12 (full 0):
 garbage-first heap   total 65536K, used 13920K [0x00000000f0000000, 0x0000000100000000)
  region size 1024K, 4 young (4096K), 4 survivors (4096K)
 Metaspace       used 25185K, committed 25600K, reserved 180224K
  class space    used 3062K, committed 3264K, reserved 114688K
}
Event: 7.305 GC heap before
{Heap before GC invocations=12 (full 0):
 garbage-first heap   total 65536K, used 48736K [0x00000000f0000000, 0x0000000100000000)
  region size 1024K, 38 young (38912K), 4 survivors (4096K)
 Metaspace       used 26356K, committed 26816K, reserved 180224K
  class space    used 3191K, committed 3392K, reserved 114688K
}
Event: 7.312 GC heap after
{Heap after GC invocations=13 (full 0):
 garbage-first heap   total 65536K, used 15304K [0x00000000f0000000, 0x0000000100000000)
  region size 1024K, 4 young (4096K), 4 survivors (4096K)
 Metaspace       used 26356K, committed 26816K, reserved 180224K
  class space    used 3191K, committed 3392K, reserved 114688K
}
Event: 7.743 GC heap before
{Heap before GC invocations=13 (full 0):
 garbage-first heap   total 65536K, used 50120K [0x00000000f0000000, 0x0000000100000000)
  region size 1024K, 38 young (38912K), 4 survivors (4096K)
 Metaspace       used 26892K, committed 27328K, reserved 180224K
  class space    used 3261K, committed 3456K, reserved 114688K
}
Event: 7.753 GC heap after
{Heap after GC invocations=14 (full 0):
 garbage-first heap   total 65536K, used 15640K [0x00000000f0000000, 0x0000000100000000)
  region size 1024K, 3 young (3072K), 3 survivors (3072K)
 Metaspace       used 26892K, committed 27328K, reserved 180224K
  class space    used 3261K, committed 3456K, reserved 114688K
}
Event: 8.568 GC heap before
{Heap before GC invocations=14 (full 0):
 garbage-first heap   total 65536K, used 51480K [0x00000000f0000000, 0x0000000100000000)
  region size 1024K, 38 young (38912K), 3 survivors (3072K)
 Metaspace       used 29171K, committed 29632K, reserved 180224K
  class space    used 3577K, committed 3776K, reserved 114688K
}
Event: 8.576 GC heap after
{Heap after GC invocations=15 (full 0):
 garbage-first heap   total 65536K, used 17114K [0x00000000f0000000, 0x0000000100000000)
  region size 1024K, 4 young (4096K), 4 survivors (4096K)
 Metaspace       used 29171K, committed 29632K, reserved 180224K
  class space    used 3577K, committed 3776K, reserved 114688K
}
Event: 8.804 GC heap before
{Heap before GC invocations=15 (full 0):
 garbage-first heap   total 65536K, used 51930K [0x00000000f0000000, 0x0000000100000000)
  region size 1024K, 38 young (38912K), 4 survivors (4096K)
 Metaspace       used 30288K, committed 30720K, reserved 180224K
  class space    used 3813K, committed 3968K, reserved 114688K
}
Event: 8.811 GC heap after
{Heap after GC invocations=16 (full 0):
 garbage-first heap   total 65536K, used 17311K [0x00000000f0000000, 0x0000000100000000)
  region size 1024K, 3 young (3072K), 3 survivors (3072K)
 Metaspace       used 30288K, committed 30720K, reserved 180224K
  class space    used 3813K, committed 3968K, reserved 114688K
}
Event: 9.676 GC heap before
{Heap before GC invocations=16 (full 0):
 garbage-first heap   total 65536K, used 53151K [0x00000000f0000000, 0x0000000100000000)
  region size 1024K, 38 young (38912K), 3 survivors (3072K)
 Metaspace       used 32003K, committed 32448K, reserved 180224K
  class space    used 4062K, committed 4288K, reserved 114688K
}
Event: 9.686 GC heap after
{Heap after GC invocations=17 (full 0):
 garbage-first heap   total 65536K, used 18209K [0x00000000f0000000, 0x0000000100000000)
  region size 1024K, 4 young (4096K), 4 survivors (4096K)
 Metaspace       used 32003K, committed 32448K, reserved 180224K
  class space    used 4062K, committed 4288K, reserved 114688K
}
Event: 10.334 GC heap before
{Heap before GC invocations=17 (full 0):
 garbage-first heap   total 65536K, used 53025K [0x00000000f0000000, 0x0000000100000000)
  region size 1024K, 38 young (38912K), 4 survivors (4096K)
 Metaspace       used 33014K, committed 33536K, reserved 180224K
  class space    used 4217K, committed 4480K, reserved 114688K
}
Event: 10.344 GC heap after
{Heap after GC invocations=18 (full 0):
 garbage-first heap   total 65536K, used 19279K [0x00000000f0000000, 0x0000000100000000)
  region size 1024K, 4 young (4096K), 4 survivors (4096K)
 Metaspace       used 33014K, committed 33536K, reserved 180224K
  class space    used 4217K, committed 4480K, reserved 114688K
}
Event: 11.402 GC heap before
{Heap before GC invocations=18 (full 0):
 garbage-first heap   total 65536K, used 54095K [0x00000000f0000000, 0x0000000100000000)
  region size 1024K, 38 young (38912K), 4 survivors (4096K)
 Metaspace       used 35176K, committed 35712K, reserved 180224K
  class space    used 4523K, committed 4736K, reserved 114688K
}
Event: 11.415 GC heap after
{Heap after GC invocations=19 (full 0):
 garbage-first heap   total 65536K, used 20596K [0x00000000f0000000, 0x0000000100000000)
  region size 1024K, 4 young (4096K), 4 survivors (4096K)
 Metaspace       used 35176K, committed 35712K, reserved 180224K
  class space    used 4523K, committed 4736K, reserved 114688K
}
Event: 11.721 GC heap before
{Heap before GC invocations=19 (full 0):
 garbage-first heap   total 65536K, used 28788K [0x00000000f0000000, 0x0000000100000000)
  region size 1024K, 13 young (13312K), 4 survivors (4096K)
 Metaspace       used 35902K, committed 36416K, reserved 180224K
  class space    used 4604K, committed 4864K, reserved 114688K
}
Event: 11.732 GC heap after
{Heap after GC invocations=20 (full 0):
 garbage-first heap   total 65536K, used 21091K [0x00000000f0000000, 0x0000000100000000)
  region size 1024K, 3 young (3072K), 3 survivors (3072K)
 Metaspace       used 35902K, committed 36416K, reserved 180224K
  class space    used 4604K, committed 4864K, reserved 114688K
}

