# JRE version: OpenJDK Runtime Environment Temurin-21.0.10+7 (21.0.10+7) (build 21.0.10+7-LTS)
# Java VM: OpenJDK 64-Bit Server VM Temurin-21.0.10+7 (21.0.10+7-LTS, mixed mode, sharing, tiered, compressed oops, compressed class ptrs, g1 gc, windows-amd64)
GC Precious Log:
 CardTable entry size: 512
 Card Set container configuration: InlinePtr #cards 5 size 8 Array Of Cards #cards 12 size 40 Howl #buckets 4 coarsen threshold 1843 Howl Bitmap #cards 512 size 80 coarsen threshold 460 Card regions per heap region 1 cards per card region 2048
 CPUs: 12 total, 12 available
 Memory: 16085M
 Large Page Support: Disabled
 NUMA Support: Disabled
 Compressed Oops: Enabled (32-bit)
 Heap Region Size: 1M
 Heap Min Capacity: 64M
 Heap Initial Capacity: 64M
 Heap Max Capacity: 256M
 Pre-touch: Disabled
 Parallel Workers: 10
 Concurrent Workers: 3
 Concurrent Refinement Workers: 10
 Periodic GC: Disabled
Heap:
 garbage-first heap   total 65536K, used 35346K [0x00000000f0000000, 0x0000000100000000)
  region size 1024K, 19 young (19456K), 4 survivors (4096K)
 Metaspace       used 36823K, committed 37440K, reserved 180224K
  class space    used 4795K, committed 5056K, reserved 114688K
GC Heap History (20 events):
Event: 5.162 GC heap before
{Heap before GC invocations=7 (full 0):
 garbage-first heap   total 65536K, used 44334K [0x00000000f0000000, 0x0000000100000000)
  region size 1024K, 38 young (38912K), 4 survivors (4096K)
 Metaspace       used 21169K, committed 21504K, reserved 180224K
  class space    used 2605K, committed 2752K, reserved 114688K
}
Event: 5.168 GC heap after
{Heap after GC invocations=8 (full 0):
 garbage-first heap   total 65536K, used 12342K [0x00000000f0000000, 0x0000000100000000)
  region size 1024K, 4 young (4096K), 4 survivors (4096K)
 Metaspace       used 21169K, committed 21504K, reserved 180224K
  class space    used 2605K, committed 2752K, reserved 114688K
}
Event: 5.674 GC heap before
{Heap before GC invocations=9 (full 0):
 garbage-first heap   total 65536K, used 47158K [0x00000000f0000000, 0x0000000100000000)
  region size 1024K, 38 young (38912K), 4 survivors (4096K)
 Metaspace       used 23402K, committed 23744K, reserved 180224K
  class space    used 2850K, committed 3008K, reserved 114688K
}
Event: 5.677 GC heap after
{Heap after GC invocations=10 (full 0):
 garbage-first heap   total 65536K, used 13181K [0x00000000f0000000, 0x0000000100000000)
  region size 1024K, 3 young (3072K), 3 survivors (3072K)
 Metaspace       used 23402K, committed 23744K, reserved 180224K
  class space    used 2850K, committed 3008K, reserved 114688K
}
Event: 6.362 GC heap before
{Heap before GC invocations=10 (full 0):
 garbage-first heap   total 65536K, used 49021K [0x00000000f0000000, 0x0000000100000000)
  region size 1024K, 38 young (38912K), 3 survivors (3072K)
 Metaspace       used 25264K, committed 25728K, reserved 180224K
  class space    used 3073K, committed 3264K, reserved 114688K
}
Event: 6.367 GC heap after
{Heap after GC invocations=11 (full 0):
 garbage-first heap   total 65536K, used 14150K [0x00000000f0000000, 0x0000000100000000)
  region size 1024K, 4 young (4096K), 4 survivors (4096K)
 Metaspace       used 25264K, committed 25728K, reserved 180224K
  class space    used 3073K, committed 3264K, reserved 114688K
}
Event: 7.061 GC heap before
{Heap before GC invocations=11 (full 0):
 garbage-first heap   total 65536K, used 48966K [0x00000000f0000000, 0x0000000100000000)
  region size 1024K, 38 young (38912K), 4 survivors (4096K)
 Metaspace       used 26366K, committed 26816K, reserved 180224K
  class space    used 3191K, committed 3392K, reserved 114688K
}
Event: 7.069 GC heap after
{Heap after GC invocations=12 (full 0):
 garbage-first heap   total 65536K, used 15148K [0x00000000f0000000, 0x0000000100000000)
  region size 1024K, 4 young (4096K), 4 survivors (4096K)
 Metaspace       used 26366K, committed 26816K, reserved 180224K
  class space    used 3191K, committed 3392K, reserved 114688K
}
Event: 7.641 GC heap before
{Heap before GC invocations=12 (full 0):
 garbage-first heap   total 65536K, used 49964K [0x00000000f0000000, 0x0000000100000000)
  region size 1024K, 38 young (38912K), 4 survivors (4096K)
 Metaspace       used 27131K, committed 27584K, reserved 180224K
  class space    used 3290K, committed 3456K, reserved 114688K
}
Event: 7.650 GC heap after
{Heap after GC invocations=13 (full 0):
 garbage-first heap   total 65536K, used 16027K [0x00000000f0000000, 0x0000000100000000)
  region size 1024K, 4 young (4096K), 4 survivors (4096K)
 Metaspace       used 27131K, committed 27584K, reserved 180224K
  class space    used 3290K, committed 3456K, reserved 114688K
}
Event: 8.442 GC heap before
{Heap before GC invocations=13 (full 0):
 garbage-first heap   total 65536K, used 50843K [0x00000000f0000000, 0x0000000100000000)
  region size 1024K, 38 young (38912K), 4 survivors (4096K)
 Metaspace       used 29333K, committed 29760K, reserved 180224K
  class space    used 3603K, committed 3776K, reserved 114688K
}
Event: 8.451 GC heap after
{Heap after GC invocations=14 (full 0):
 garbage-first heap   total 65536K, used 17127K [0x00000000f0000000, 0x0000000100000000)
  region size 1024K, 4 young (4096K), 4 survivors (4096K)
 Metaspace       used 29333K, committed 29760K, reserved 180224K
  class space    used 3603K, committed 3776K, reserved 114688K
}
Event: 8.693 GC heap before
{Heap before GC invocations=14 (full 0):
 garbage-first heap   total 65536K, used 51943K [0x00000000f0000000, 0x0000000100000000)
  region size 1024K, 38 young (38912K), 4 survivors (4096K)
 Metaspace       used 30508K, committed 31040K, reserved 180224K
  class space    used 3855K, committed 4096K, reserved 114688K
}
Event: 8.699 GC heap after
{Heap after GC invocations=15 (full 0):
 garbage-first heap   total 65536K, used 17388K [0x00000000f0000000, 0x0000000100000000)
  region size 1024K, 3 young (3072K), 3 survivors (3072K)
 Metaspace       used 30508K, committed 31040K, reserved 180224K
  class space    used 3855K, committed 4096K, reserved 114688K
}
Event: 9.446 GC heap before
{Heap before GC invocations=15 (full 0):
 garbage-first heap   total 65536K, used 53228K [0x00000000f0000000, 0x0000000100000000)
  region size 1024K, 38 young (38912K), 3 survivors (3072K)
 Metaspace       used 32091K, committed 32576K, reserved 180224K
  class space    used 4078K, committed 4288K, reserved 114688K
}
Event: 9.456 GC heap after
{Heap after GC invocations=16 (full 0):
 garbage-first heap   total 65536K, used 18273K [0x00000000f0000000, 0x0000000100000000)
  region size 1024K, 4 young (4096K), 4 survivors (4096K)
 Metaspace       used 32091K, committed 32576K, reserved 180224K
  class space    used 4078K, committed 4288K, reserved 114688K
}
Event: 10.191 GC heap before
{Heap before GC invocations=16 (full 0):
 garbage-first heap   total 65536K, used 53089K [0x00000000f0000000, 0x0000000100000000)
  region size 1024K, 38 young (38912K), 4 survivors (4096K)
 Metaspace       used 33403K, committed 33920K, reserved 180224K
  class space    used 4252K, committed 4480K, reserved 114688K
}
Event: 10.201 GC heap after
{Heap after GC invocations=17 (full 0):
 garbage-first heap   total 65536K, used 19406K [0x00000000f0000000, 0x0000000100000000)
  region size 1024K, 4 young (4096K), 4 survivors (4096K)
 Metaspace       used 33403K, committed 33920K, reserved 180224K
  class space    used 4252K, committed 4480K, reserved 114688K
}
Event: 11.262 GC heap before
{Heap before GC invocations=17 (full 0):
 garbage-first heap   total 65536K, used 52174K [0x00000000f0000000, 0x0000000100000000)
  region size 1024K, 37 young (37888K), 4 survivors (4096K)
 Metaspace       used 35574K, committed 36096K, reserved 180224K
  class space    used 4566K, committed 4800K, reserved 114688K
}
Event: 11.276 GC heap after
{Heap after GC invocations=18 (full 0):
 garbage-first heap   total 65536K, used 21010K [0x00000000f0000000, 0x0000000100000000)
  region size 1024K, 4 young (4096K), 4 survivors (4096K)
 Metaspace       used 35574K, committed 36096K, reserved 180224K
  class space    used 4566K, committed 4800K, reserved 114688K
}

