# JRE version: OpenJDK Runtime Environment Temurin-21.0.10+7 (21.0.10+7) (build 21.0.10+7-LTS)
# Java VM: OpenJDK 64-Bit Server VM Temurin-21.0.10+7 (21.0.10+7-LTS, mixed mode, sharing, tiered, compressed oops, compressed class ptrs, g1 gc, windows-amd64)
GC Precious Log:
 CardTable entry size: 512
 Card Set container configuration: InlinePtr #cards 5 size 8 Array Of Cards #cards 12 size 40 Howl #buckets 4 coarsen threshold 1843 Howl Bitmap #cards 512 size 80 coarsen threshold 460 Card regions per heap region 1 cards per card region 2048
 CPUs: 12 total, 12 available
 Memory: 16085M
 Large Page Support: Disabled
 NUMA Support: Disabled
 Compressed Oops: Enabled (32-bit)
 Heap Region Size: 1M
 Heap Min Capacity: 64M
 Heap Initial Capacity: 64M
 Heap Max Capacity: 256M
 Pre-touch: Disabled
 Parallel Workers: 10
 Concurrent Workers: 3
 Concurrent Refinement Workers: 10
 Periodic GC: Disabled
Heap:
 garbage-first heap   total 65536K, used 16572K [0x00000000f0000000, 0x0000000100000000)
  region size 1024K, 8 young (8192K), 5 survivors (5120K)
 Metaspace       used 16069K, committed 16320K, reserved 1114112K
  class space    used 1892K, committed 1984K, reserved 1048576K
GC Heap History (8 events):
Event: 1.484 GC heap before
{Heap before GC invocations=0 (full 0):
 garbage-first heap   total 65536K, used 23552K [0x00000000f0000000, 0x0000000100000000)
  region size 1024K, 23 young (23552K), 0 survivors (0K)
 Metaspace       used 5696K, committed 5888K, reserved 1114112K
  class space    used 671K, committed 768K, reserved 1048576K
}
Event: 1.503 GC heap after
{Heap after GC invocations=1 (full 0):
 garbage-first heap   total 65536K, used 3688K [0x00000000f0000000, 0x0000000100000000)
  region size 1024K, 3 young (3072K), 3 survivors (3072K)
 Metaspace       used 5696K, committed 5888K, reserved 1114112K
  class space    used 671K, committed 768K, reserved 1048576K
}
Event: 3.381 GC heap before
{Heap before GC invocations=1 (full 0):
 garbage-first heap   total 65536K, used 33384K [0x00000000f0000000, 0x0000000100000000)
  region size 1024K, 32 young (32768K), 3 survivors (3072K)
 Metaspace       used 9780K, committed 9984K, reserved 1114112K
  class space    used 1168K, committed 1280K, reserved 1048576K
}
Event: 3.399 GC heap after
{Heap after GC invocations=2 (full 0):
 garbage-first heap   total 65536K, used 5578K [0x00000000f0000000, 0x0000000100000000)
  region size 1024K, 2 young (2048K), 2 survivors (2048K)
 Metaspace       used 9780K, committed 9984K, reserved 1114112K
  class space    used 1168K, committed 1280K, reserved 1048576K
}
Event: 6.503 GC heap before
{Heap before GC invocations=2 (full 0):
 garbage-first heap   total 65536K, used 42442K [0x00000000f0000000, 0x0000000100000000)
  region size 1024K, 38 young (38912K), 2 survivors (2048K)
 Metaspace       used 15125K, committed 15360K, reserved 1114112K
  class space    used 1809K, committed 1920K, reserved 1048576K
}
Event: 6.524 GC heap after
{Heap after GC invocations=3 (full 0):
 garbage-first heap   total 65536K, used 9606K [0x00000000f0000000, 0x0000000100000000)
  region size 1024K, 5 young (5120K), 5 survivors (5120K)
 Metaspace       used 15125K, committed 15360K, reserved 1114112K
  class space    used 1809K, committed 1920K, reserved 1048576K
}
Event: 8.265 GC heap before
{Heap before GC invocations=3 (full 0):
 garbage-first heap   total 65536K, used 43398K [0x00000000f0000000, 0x0000000100000000)
  region size 1024K, 38 young (38912K), 5 survivors (5120K)
 Metaspace       used 16061K, committed 16256K, reserved 1114112K
  class space    used 1892K, committed 1984K, reserved 1048576K
}
Event: 8.298 GC heap after
{Heap after GC invocations=4 (full 0):
 garbage-first heap   total 65536K, used 14524K [0x00000000f0000000, 0x0000000100000000)
  region size 1024K, 5 young (5120K), 5 survivors (5120K)
 Metaspace       used 16061K, committed 16256K, reserved 1114112K
  class space    used 1892K, committed 1984K, reserved 1048576K
}

