# JRE version: OpenJDK Runtime Environment Temurin-21.0.10+7 (21.0.10+7) (build 21.0.10+7-LTS)
# Java VM: OpenJDK 64-Bit Server VM Temurin-21.0.10+7 (21.0.10+7-LTS, mixed mode, sharing, tiered, compressed oops, compressed class ptrs, g1 gc, windows-amd64)
GC Precious Log:
 CardTable entry size: 512
 Card Set container configuration: InlinePtr #cards 5 size 8 Array Of Cards #cards 12 size 40 Howl #buckets 4 coarsen threshold 1843 Howl Bitmap #cards 512 size 80 coarsen threshold 460 Card regions per heap region 1 cards per card region 2048
 CPUs: 12 total, 12 available
 Memory: 16085M
 Large Page Support: Disabled
 NUMA Support: Disabled
 Compressed Oops: Enabled (32-bit)
 Heap Region Size: 1M
 Heap Min Capacity: 64M
 Heap Initial Capacity: 64M
 Heap Max Capacity: 256M
 Pre-touch: Disabled
 Parallel Workers: 10
 Concurrent Workers: 3
 Concurrent Refinement Workers: 10
 Periodic GC: Disabled
Heap:
 garbage-first heap   total 65536K, used 40276K [0x00000000f0000000, 0x0000000100000000)
  region size 1024K, 23 young (23552K), 3 survivors (3072K)
 Metaspace       used 37578K, committed 38080K, reserved 180224K
  class space    used 4882K, committed 5120K, reserved 114688K
GC Heap History (20 events):
Event: 5.699 GC heap before
{Heap before GC invocations=8 (full 0):
 garbage-first heap   total 65536K, used 24397K [0x00000000f0000000, 0x0000000100000000)
  region size 1024K, 17 young (17408K), 4 survivors (4096K)
 Metaspace       used 21168K, committed 21504K, reserved 180224K
  class space    used 2722K, committed 2880K, reserved 114688K
}
Event: 5.702 GC heap after
{Heap after GC invocations=9 (full 0):
 garbage-first heap   total 65536K, used 12406K [0x00000000f0000000, 0x0000000100000000)
  region size 1024K, 3 young (3072K), 3 survivors (3072K)
 Metaspace       used 21168K, committed 21504K, reserved 180224K
  class space    used 2722K, committed 2880K, reserved 114688K
}
Event: 6.377 GC heap before
{Heap before GC invocations=10 (full 0):
 garbage-first heap   total 65536K, used 47222K [0x00000000f0000000, 0x0000000100000000)
  region size 1024K, 38 young (38912K), 3 survivors (3072K)
 Metaspace       used 23397K, committed 23808K, reserved 180224K
  class space    used 2978K, committed 3200K, reserved 114688K
}
Event: 6.383 GC heap after
{Heap after GC invocations=11 (full 0):
 garbage-first heap   total 65536K, used 14131K [0x00000000f0000000, 0x0000000100000000)
  region size 1024K, 4 young (4096K), 4 survivors (4096K)
 Metaspace       used 23397K, committed 23808K, reserved 180224K
  class space    used 2978K, committed 3200K, reserved 114688K
}
Event: 7.048 GC heap before
{Heap before GC invocations=11 (full 0):
 garbage-first heap   total 65536K, used 48947K [0x00000000f0000000, 0x0000000100000000)
  region size 1024K, 38 young (38912K), 4 survivors (4096K)
 Metaspace       used 24873K, committed 25216K, reserved 180224K
  class space    used 3138K, committed 3328K, reserved 114688K
}
Event: 7.056 GC heap after
{Heap after GC invocations=12 (full 0):
 garbage-first heap   total 65536K, used 15040K [0x00000000f0000000, 0x0000000100000000)
  region size 1024K, 4 young (4096K), 4 survivors (4096K)
 Metaspace       used 24873K, committed 25216K, reserved 180224K
  class space    used 3138K, committed 3328K, reserved 114688K
}
Event: 7.542 GC heap before
{Heap before GC invocations=12 (full 0):
 garbage-first heap   total 65536K, used 49856K [0x00000000f0000000, 0x0000000100000000)
  region size 1024K, 38 young (38912K), 4 survivors (4096K)
 Metaspace       used 25243K, committed 25664K, reserved 180224K
  class space    used 3195K, committed 3392K, reserved 114688K
}
Event: 7.550 GC heap after
{Heap after GC invocations=13 (full 0):
 garbage-first heap   total 65536K, used 16062K [0x00000000f0000000, 0x0000000100000000)
  region size 1024K, 2 young (2048K), 2 survivors (2048K)
 Metaspace       used 25243K, committed 25664K, reserved 180224K
  class space    used 3195K, committed 3392K, reserved 114688K
}
Event: 8.142 GC heap before
{Heap before GC invocations=13 (full 0):
 garbage-first heap   total 65536K, used 52926K [0x00000000f0000000, 0x0000000100000000)
  region size 1024K, 38 young (38912K), 2 survivors (2048K)
 Metaspace       used 27225K, committed 27584K, reserved 180224K
  class space    used 3436K, committed 3648K, reserved 114688K
}
Event: 8.148 GC heap after
{Heap after GC invocations=14 (full 0):
 garbage-first heap   total 65536K, used 16782K [0x00000000f0000000, 0x0000000100000000)
  region size 1024K, 3 young (3072K), 3 survivors (3072K)
 Metaspace       used 27225K, committed 27584K, reserved 180224K
  class space    used 3436K, committed 3648K, reserved 114688K
}
Event: 8.706 GC heap before
{Heap before GC invocations=14 (full 0):
 garbage-first heap   total 65536K, used 52622K [0x00000000f0000000, 0x0000000100000000)
  region size 1024K, 38 young (38912K), 3 survivors (3072K)
 Metaspace       used 28986K, committed 29376K, reserved 180224K
  class space    used 3634K, committed 3840K, reserved 114688K
}
Event: 8.711 GC heap after
{Heap after GC invocations=15 (full 0):
 garbage-first heap   total 65536K, used 17922K [0x00000000f0000000, 0x0000000100000000)
  region size 1024K, 4 young (4096K), 4 survivors (4096K)
 Metaspace       used 28986K, committed 29376K, reserved 180224K
  class space    used 3634K, committed 3840K, reserved 114688K
}
Event: 9.286 GC heap before
{Heap before GC invocations=15 (full 0):
 garbage-first heap   total 65536K, used 52738K [0x00000000f0000000, 0x0000000100000000)
  region size 1024K, 38 young (38912K), 4 survivors (4096K)
 Metaspace       used 30977K, committed 31424K, reserved 180224K
  class space    used 4017K, committed 4224K, reserved 114688K
}
Event: 9.296 GC heap after
{Heap after GC invocations=16 (full 0):
 garbage-first heap   total 65536K, used 18339K [0x00000000f0000000, 0x0000000100000000)
  region size 1024K, 4 young (4096K), 4 survivors (4096K)
 Metaspace       used 30977K, committed 31424K, reserved 180224K
  class space    used 4017K, committed 4224K, reserved 114688K
}
Event: 10.111 GC heap before
{Heap before GC invocations=16 (full 0):
 garbage-first heap   total 65536K, used 53155K [0x00000000f0000000, 0x0000000100000000)
  region size 1024K, 38 young (38912K), 4 survivors (4096K)
 Metaspace       used 32371K, committed 32768K, reserved 180224K
  class space    used 4223K, committed 4416K, reserved 114688K
}
Event: 10.122 GC heap after
{Heap after GC invocations=17 (full 0):
 garbage-first heap   total 65536K, used 19295K [0x00000000f0000000, 0x0000000100000000)
  region size 1024K, 4 young (4096K), 4 survivors (4096K)
 Metaspace       used 32371K, committed 32768K, reserved 180224K
  class space    used 4223K, committed 4416K, reserved 114688K
}
Event: 11.176 GC heap before
{Heap before GC invocations=17 (full 0):
 garbage-first heap   total 65536K, used 54111K [0x00000000f0000000, 0x0000000100000000)
  region size 1024K, 38 young (38912K), 4 survivors (4096K)
 Metaspace       used 35144K, committed 35648K, reserved 180224K
  class space    used 4567K, committed 4800K, reserved 114688K
}
Event: 11.189 GC heap after
{Heap after GC invocations=18 (full 0):
 garbage-first heap   total 65536K, used 20732K [0x00000000f0000000, 0x0000000100000000)
  region size 1024K, 4 young (4096K), 4 survivors (4096K)
 Metaspace       used 35144K, committed 35648K, reserved 180224K
  class space    used 4567K, committed 4800K, reserved 114688K
}
Event: 11.484 GC heap before
{Heap before GC invocations=18 (full 0):
 garbage-first heap   total 65536K, used 29948K [0x00000000f0000000, 0x0000000100000000)
  region size 1024K, 14 young (14336K), 4 survivors (4096K)
 Metaspace       used 36228K, committed 36608K, reserved 180224K
  class space    used 4690K, committed 4864K, reserved 114688K
}
Event: 11.495 GC heap after
{Heap after GC invocations=19 (full 0):
 garbage-first heap   total 65536K, used 20820K [0x00000000f0000000, 0x0000000100000000)
  region size 1024K, 3 young (3072K), 3 survivors (3072K)
 Metaspace       used 36228K, committed 36608K, reserved 180224K
  class space    used 4690K, committed 4864K, reserved 114688K
}

